<?xml version="1.0" encoding="UTF-8"?>
<coverage generated="1697393152272" clover="3.2.0">
  <project timestamp="1697393152272" name="All files">
    <metrics statements="57" coveredstatements="52" conditionals="20" coveredconditionals="17" methods="16" coveredmethods="15" elements="93" coveredelements="84" complexity="0" loc="57" ncloc="57" packages="2" files="4" classes="4"/>
    <package name="src">
      <metrics statements="38" coveredstatements="34" conditionals="10" coveredconditionals="10" methods="9" coveredmethods="8"/>
      <file name="calcDiff.js" path="/home/vladislav/Рабочий стол/FRONTEND/frontend-project-46/src/calcDiff.js">
        <metrics statements="15" coveredstatements="15" conditionals="10" coveredconditionals="10" methods="2" coveredmethods="2"/>
        <line num="3" count="1" type="stmt"/>
        <line num="4" count="12" type="stmt"/>
        <line num="5" count="12" type="stmt"/>
        <line num="6" count="12" type="stmt"/>
        <line num="9" count="12" type="stmt"/>
        <line num="10" count="36" type="cond" truecount="2" falsecount="0"/>
        <line num="11" count="12" type="stmt"/>
        <line num="17" count="24" type="cond" truecount="2" falsecount="0"/>
        <line num="18" count="6" type="stmt"/>
        <line num="24" count="18" type="cond" truecount="4" falsecount="0"/>
        <line num="25" count="4" type="stmt"/>
        <line num="31" count="14" type="cond" truecount="2" falsecount="0"/>
        <line num="32" count="8" type="stmt"/>
        <line num="39" count="6" type="stmt"/>
        <line num="45" count="12" type="stmt"/>
      </file>
      <file name="index.js" path="/home/vladislav/Рабочий стол/FRONTEND/frontend-project-46/src/index.js">
        <metrics statements="20" coveredstatements="16" conditionals="0" coveredconditionals="0" methods="6" coveredmethods="5"/>
        <line num="8" count="4" type="stmt"/>
        <line num="9" count="1" type="stmt"/>
        <line num="10" count="4" type="stmt"/>
        <line num="11" count="4" type="stmt"/>
        <line num="13" count="0" type="stmt"/>
        <line num="15" count="0" type="stmt"/>
        <line num="17" count="0" type="stmt"/>
        <line num="19" count="4" type="stmt"/>
        <line num="22" count="0" type="stmt"/>
        <line num="25" count="1" type="stmt"/>
        <line num="26" count="2" type="stmt"/>
        <line num="27" count="2" type="stmt"/>
        <line num="29" count="2" type="stmt"/>
        <line num="30" count="2" type="stmt"/>
        <line num="33" count="2" type="stmt"/>
        <line num="35" count="2" type="stmt"/>
        <line num="36" count="8" type="stmt"/>
        <line num="37" count="8" type="stmt"/>
        <line num="38" count="8" type="stmt"/>
        <line num="41" count="2" type="stmt"/>
      </file>
      <file name="parsers.js" path="/home/vladislav/Рабочий стол/FRONTEND/frontend-project-46/src/parsers.js">
        <metrics statements="3" coveredstatements="3" conditionals="0" coveredconditionals="0" methods="1" coveredmethods="1"/>
        <line num="3" count="1" type="stmt"/>
        <line num="4" count="4" type="stmt"/>
        <line num="5" count="4" type="stmt"/>
      </file>
    </package>
    <package name="src.formatters">
      <metrics statements="19" coveredstatements="18" conditionals="10" coveredconditionals="7" methods="7" coveredmethods="7"/>
      <file name="stylish.js" path="/home/vladislav/Рабочий стол/FRONTEND/frontend-project-46/src/formatters/stylish.js">
        <metrics statements="19" coveredstatements="18" conditionals="10" coveredconditionals="7" methods="7" coveredmethods="7"/>
        <line num="3" count="1" type="stmt"/>
        <line num="10" count="1" type="stmt"/>
        <line num="11" count="68" type="stmt"/>
        <line num="12" count="68" type="stmt"/>
        <line num="15" count="1" type="cond" truecount="0" falsecount="1"/>
        <line num="16" count="50" type="cond" truecount="2" falsecount="0"/>
        <line num="17" count="40" type="stmt"/>
        <line num="19" count="10" type="stmt"/>
        <line num="20" count="10" type="stmt"/>
        <line num="22" count="10" type="stmt"/>
        <line num="27" count="10" type="stmt"/>
        <line num="30" count="1" type="cond" truecount="0" falsecount="1"/>
        <line num="31" count="36" type="cond" truecount="5" falsecount="1"/>
        <line num="35" count="24" type="stmt"/>
        <line num="39" count="8" type="stmt"/>
        <line num="45" count="4" type="stmt"/>
        <line num="46" count="8" type="stmt"/>
        <line num="49" count="0" type="stmt"/>
        <line num="54" count="28" type="stmt"/>
      </file>
    </package>
  </project>
</coverage>
