{"/home/nan/frontend-project-46/src/calcDiff.js": {"path":"/home/nan/frontend-project-46/src/calcDiff.js","statementMap":{"0":{"start":{"line":2,"column":2},"end":{"line":2,"column":32}},"1":{"start":{"line":6,"column":2},"end":{"line":6,"column":32}},"2":{"start":{"line":10,"column":2},"end":{"line":10,"column":32}},"3":{"start":{"line":13,"column":17},"end":{"line":33,"column":1}},"4":{"start":{"line":14,"column":2},"end":{"line":31,"column":3}},"5":{"start":{"line":16,"column":4},"end":{"line":16,"column":49}},"6":{"start":{"line":17,"column":9},"end":{"line":31,"column":3}},"7":{"start":{"line":19,"column":4},"end":{"line":19,"column":50}},"8":{"start":{"line":20,"column":9},"end":{"line":31,"column":3}},"9":{"start":{"line":22,"column":4},"end":{"line":24,"column":5}},"10":{"start":{"line":23,"column":6},"end":{"line":23,"column":35}},"11":{"start":{"line":25,"column":9},"end":{"line":31,"column":3}},"12":{"start":{"line":27,"column":4},"end":{"line":27,"column":52}},"13":{"start":{"line":30,"column":4},"end":{"line":30,"column":83}},"14":{"start":{"line":32,"column":2},"end":{"line":32,"column":16}}},"fnMap":{"0":{"name":"markChangeWithNeutral","decl":{"start":{"line":1,"column":9},"end":{"line":1,"column":30}},"loc":{"start":{"line":1,"column":43},"end":{"line":3,"column":1}},"line":1},"1":{"name":"markChangeWithPlus","decl":{"start":{"line":5,"column":9},"end":{"line":5,"column":27}},"loc":{"start":{"line":5,"column":40},"end":{"line":7,"column":1}},"line":5},"2":{"name":"markChangeWithMinus","decl":{"start":{"line":9,"column":9},"end":{"line":9,"column":28}},"loc":{"start":{"line":9,"column":41},"end":{"line":11,"column":1}},"line":9},"3":{"name":"(anonymous_3)","decl":{"start":{"line":13,"column":17},"end":{"line":13,"column":18}},"loc":{"start":{"line":13,"column":55},"end":{"line":33,"column":1}},"line":13}},"branchMap":{"0":{"loc":{"start":{"line":13,"column":39},"end":{"line":13,"column":50}},"type":"default-arg","locations":[{"start":{"line":13,"column":48},"end":{"line":13,"column":50}}],"line":13},"1":{"loc":{"start":{"line":14,"column":2},"end":{"line":31,"column":3}},"type":"if","locations":[{"start":{"line":14,"column":2},"end":{"line":31,"column":3}},{"start":{"line":17,"column":9},"end":{"line":31,"column":3}}],"line":14},"2":{"loc":{"start":{"line":17,"column":9},"end":{"line":31,"column":3}},"type":"if","locations":[{"start":{"line":17,"column":9},"end":{"line":31,"column":3}},{"start":{"line":20,"column":9},"end":{"line":31,"column":3}}],"line":17},"3":{"loc":{"start":{"line":20,"column":9},"end":{"line":31,"column":3}},"type":"if","locations":[{"start":{"line":20,"column":9},"end":{"line":31,"column":3}},{"start":{"line":25,"column":9},"end":{"line":31,"column":3}}],"line":20},"4":{"loc":{"start":{"line":22,"column":4},"end":{"line":24,"column":5}},"type":"if","locations":[{"start":{"line":22,"column":4},"end":{"line":24,"column":5}},{"start":{},"end":{}}],"line":22},"5":{"loc":{"start":{"line":25,"column":9},"end":{"line":31,"column":3}},"type":"if","locations":[{"start":{"line":25,"column":9},"end":{"line":31,"column":3}},{"start":{"line":28,"column":9},"end":{"line":31,"column":3}}],"line":25}},"s":{"0":1,"1":5,"2":6,"3":1,"4":11,"5":2,"6":9,"7":3,"8":6,"9":2,"10":2,"11":4,"12":1,"13":3,"14":9},"f":{"0":1,"1":5,"2":6,"3":11},"b":{"0":[11],"1":[2,9],"2":[3,6],"3":[2,4],"4":[2,0],"5":[1,3]},"_coverageSchema":"1a1c01bbd47fc00a2c39e90264f33305004495a9","hash":"bf848cd56490c961f04867c4ad914eec30e7d234"}
,"/home/nan/frontend-project-46/src/index.js": {"path":"/home/nan/frontend-project-46/src/index.js","statementMap":{"0":{"start":{"line":7,"column":16},"end":{"line":7,"column":68}},"1":{"start":{"line":7,"column":30},"end":{"line":7,"column":68}},"2":{"start":{"line":8,"column":17},"end":{"line":8,"column":61}},"3":{"start":{"line":8,"column":31},"end":{"line":8,"column":61}},"4":{"start":{"line":10,"column":22},"end":{"line":10,"column":67}},"5":{"start":{"line":10,"column":36},"end":{"line":10,"column":67}},"6":{"start":{"line":13,"column":2},"end":{"line":13,"column":44}},"7":{"start":{"line":16,"column":15},"end":{"line":33,"column":1}},"8":{"start":{"line":17,"column":16},"end":{"line":17,"column":34}},"9":{"start":{"line":18,"column":16},"end":{"line":18,"column":64}},"10":{"start":{"line":20,"column":16},"end":{"line":20,"column":34}},"11":{"start":{"line":21,"column":16},"end":{"line":21,"column":64}},"12":{"start":{"line":24,"column":18},"end":{"line":24,"column":72}},"13":{"start":{"line":26,"column":19},"end":{"line":30,"column":8}},"14":{"start":{"line":27,"column":16},"end":{"line":27,"column":53}},"15":{"start":{"line":28,"column":4},"end":{"line":28,"column":24}},"16":{"start":{"line":29,"column":4},"end":{"line":29,"column":18}},"17":{"start":{"line":32,"column":2},"end":{"line":32,"column":32}}},"fnMap":{"0":{"name":"(anonymous_0)","decl":{"start":{"line":7,"column":16},"end":{"line":7,"column":17}},"loc":{"start":{"line":7,"column":30},"end":{"line":7,"column":68}},"line":7},"1":{"name":"(anonymous_1)","decl":{"start":{"line":8,"column":17},"end":{"line":8,"column":18}},"loc":{"start":{"line":8,"column":31},"end":{"line":8,"column":61}},"line":8},"2":{"name":"(anonymous_2)","decl":{"start":{"line":10,"column":22},"end":{"line":10,"column":23}},"loc":{"start":{"line":10,"column":36},"end":{"line":10,"column":67}},"line":10},"3":{"name":"formatResult","decl":{"start":{"line":12,"column":9},"end":{"line":12,"column":21}},"loc":{"start":{"line":12,"column":34},"end":{"line":14,"column":1}},"line":12},"4":{"name":"(anonymous_4)","decl":{"start":{"line":16,"column":15},"end":{"line":16,"column":16}},"loc":{"start":{"line":16,"column":41},"end":{"line":33,"column":1}},"line":16},"5":{"name":"(anonymous_5)","decl":{"start":{"line":26,"column":34},"end":{"line":26,"column":35}},"loc":{"start":{"line":26,"column":51},"end":{"line":30,"column":3}},"line":26}},"branchMap":{},"s":{"0":1,"1":4,"2":1,"3":4,"4":1,"5":4,"6":2,"7":1,"8":2,"9":2,"10":2,"11":2,"12":2,"13":2,"14":9,"15":9,"16":9,"17":2},"f":{"0":4,"1":4,"2":4,"3":2,"4":2,"5":9},"b":{},"_coverageSchema":"1a1c01bbd47fc00a2c39e90264f33305004495a9","hash":"36ad03608c209968006b8bfc252f78a9e4f14d8a"}
,"/home/nan/frontend-project-46/src/parsers.js": {"path":"/home/nan/frontend-project-46/src/parsers.js","statementMap":{"0":{"start":{"line":3,"column":14},"end":{"line":6,"column":1}},"1":{"start":{"line":4,"column":18},"end":{"line":4,"column":71}},"2":{"start":{"line":5,"column":2},"end":{"line":5,"column":31}}},"fnMap":{"0":{"name":"(anonymous_0)","decl":{"start":{"line":3,"column":14},"end":{"line":3,"column":15}},"loc":{"start":{"line":3,"column":32},"end":{"line":6,"column":1}},"line":3}},"branchMap":{},"s":{"0":1,"1":4,"2":4},"f":{"0":4},"b":{},"_coverageSchema":"1a1c01bbd47fc00a2c39e90264f33305004495a9","hash":"06fe0d515848f108a4e650327bdadb3dc8b923bd"}
}
