{"/home/vladislav/Рабочий стол/FRONTEND/frontend-project-46/src/calcDiff.js": {"path":"/home/vladislav/Рабочий стол/FRONTEND/frontend-project-46/src/calcDiff.js","statementMap":{"0":{"start":{"line":3,"column":20},"end":{"line":46,"column":1}},"1":{"start":{"line":4,"column":16},"end":{"line":4,"column":28}},"2":{"start":{"line":5,"column":16},"end":{"line":5,"column":28}},"3":{"start":{"line":6,"column":21},"end":{"line":6,"column":52}},"4":{"start":{"line":9,"column":17},"end":{"line":44,"column":4}},"5":{"start":{"line":10,"column":4},"end":{"line":16,"column":5}},"6":{"start":{"line":11,"column":6},"end":{"line":15,"column":8}},"7":{"start":{"line":17,"column":4},"end":{"line":23,"column":5}},"8":{"start":{"line":18,"column":6},"end":{"line":22,"column":8}},"9":{"start":{"line":24,"column":4},"end":{"line":30,"column":5}},"10":{"start":{"line":25,"column":6},"end":{"line":29,"column":8}},"11":{"start":{"line":31,"column":4},"end":{"line":38,"column":5}},"12":{"start":{"line":32,"column":6},"end":{"line":37,"column":8}},"13":{"start":{"line":39,"column":4},"end":{"line":43,"column":6}},"14":{"start":{"line":45,"column":2},"end":{"line":45,"column":16}}},"fnMap":{"0":{"name":"(anonymous_0)","decl":{"start":{"line":3,"column":20},"end":{"line":3,"column":21}},"loc":{"start":{"line":3,"column":36},"end":{"line":46,"column":1}},"line":3},"1":{"name":"(anonymous_1)","decl":{"start":{"line":9,"column":32},"end":{"line":9,"column":33}},"loc":{"start":{"line":9,"column":41},"end":{"line":44,"column":3}},"line":9}},"branchMap":{"0":{"loc":{"start":{"line":10,"column":4},"end":{"line":16,"column":5}},"type":"if","locations":[{"start":{"line":10,"column":4},"end":{"line":16,"column":5}},{"start":{},"end":{}}],"line":10},"1":{"loc":{"start":{"line":17,"column":4},"end":{"line":23,"column":5}},"type":"if","locations":[{"start":{"line":17,"column":4},"end":{"line":23,"column":5}},{"start":{},"end":{}}],"line":17},"2":{"loc":{"start":{"line":24,"column":4},"end":{"line":30,"column":5}},"type":"if","locations":[{"start":{"line":24,"column":4},"end":{"line":30,"column":5}},{"start":{},"end":{}}],"line":24},"3":{"loc":{"start":{"line":24,"column":7},"end":{"line":24,"column":53}},"type":"binary-expr","locations":[{"start":{"line":24,"column":7},"end":{"line":24,"column":28}},{"start":{"line":24,"column":32},"end":{"line":24,"column":53}}],"line":24},"4":{"loc":{"start":{"line":31,"column":4},"end":{"line":38,"column":5}},"type":"if","locations":[{"start":{"line":31,"column":4},"end":{"line":38,"column":5}},{"start":{},"end":{}}],"line":31}},"s":{"0":1,"1":12,"2":12,"3":12,"4":12,"5":36,"6":12,"7":24,"8":6,"9":18,"10":4,"11":14,"12":8,"13":6,"14":12},"f":{"0":12,"1":36},"b":{"0":[12,24],"1":[6,18],"2":[4,14],"3":[18,6],"4":[8,6]},"_coverageSchema":"1a1c01bbd47fc00a2c39e90264f33305004495a9","hash":"0ffab8ea420f440154774b0557b2d4bef99c7555"}
,"/home/vladislav/Рабочий стол/FRONTEND/frontend-project-46/src/index.js": {"path":"/home/vladislav/Рабочий стол/FRONTEND/frontend-project-46/src/index.js","statementMap":{"0":{"start":{"line":8,"column":16},"end":{"line":8,"column":68}},"1":{"start":{"line":8,"column":30},"end":{"line":8,"column":68}},"2":{"start":{"line":9,"column":17},"end":{"line":17,"column":33}},"3":{"start":{"line":10,"column":2},"end":{"line":16,"column":3}},"4":{"start":{"line":11,"column":4},"end":{"line":11,"column":42}},"5":{"start":{"line":13,"column":4},"end":{"line":13,"column":55}},"6":{"start":{"line":15,"column":4},"end":{"line":15,"column":16}},"7":{"start":{"line":17,"column":2},"end":{"line":17,"column":32}},"8":{"start":{"line":19,"column":22},"end":{"line":19,"column":67}},"9":{"start":{"line":19,"column":36},"end":{"line":19,"column":67}},"10":{"start":{"line":22,"column":2},"end":{"line":22,"column":44}},"11":{"start":{"line":25,"column":15},"end":{"line":42,"column":1}},"12":{"start":{"line":26,"column":16},"end":{"line":26,"column":34}},"13":{"start":{"line":27,"column":16},"end":{"line":27,"column":64}},"14":{"start":{"line":29,"column":16},"end":{"line":29,"column":34}},"15":{"start":{"line":30,"column":16},"end":{"line":30,"column":64}},"16":{"start":{"line":33,"column":18},"end":{"line":33,"column":72}},"17":{"start":{"line":35,"column":19},"end":{"line":39,"column":8}},"18":{"start":{"line":36,"column":16},"end":{"line":36,"column":53}},"19":{"start":{"line":37,"column":4},"end":{"line":37,"column":24}},"20":{"start":{"line":38,"column":4},"end":{"line":38,"column":18}},"21":{"start":{"line":41,"column":2},"end":{"line":41,"column":26}}},"fnMap":{"0":{"name":"(anonymous_0)","decl":{"start":{"line":8,"column":16},"end":{"line":8,"column":17}},"loc":{"start":{"line":8,"column":30},"end":{"line":8,"column":68}},"line":8},"1":{"name":"(anonymous_1)","decl":{"start":{"line":9,"column":17},"end":{"line":9,"column":18}},"loc":{"start":{"line":9,"column":31},"end":{"line":17,"column":33}},"line":9},"2":{"name":"(anonymous_2)","decl":{"start":{"line":19,"column":22},"end":{"line":19,"column":23}},"loc":{"start":{"line":19,"column":36},"end":{"line":19,"column":67}},"line":19},"3":{"name":"formatResult","decl":{"start":{"line":21,"column":9},"end":{"line":21,"column":21}},"loc":{"start":{"line":21,"column":34},"end":{"line":23,"column":1}},"line":21},"4":{"name":"(anonymous_4)","decl":{"start":{"line":25,"column":15},"end":{"line":25,"column":16}},"loc":{"start":{"line":25,"column":41},"end":{"line":42,"column":1}},"line":25},"5":{"name":"(anonymous_5)","decl":{"start":{"line":35,"column":34},"end":{"line":35,"column":35}},"loc":{"start":{"line":35,"column":51},"end":{"line":39,"column":3}},"line":35}},"branchMap":{},"s":{"0":1,"1":4,"2":1,"3":4,"4":4,"5":0,"6":0,"7":0,"8":1,"9":4,"10":0,"11":1,"12":2,"13":2,"14":2,"15":2,"16":2,"17":2,"18":8,"19":8,"20":8,"21":2},"f":{"0":4,"1":4,"2":4,"3":0,"4":2,"5":8},"b":{},"_coverageSchema":"1a1c01bbd47fc00a2c39e90264f33305004495a9","hash":"966a3662fb42de3e701675c0a1c3f3ba9ca3d528"}
,"/home/vladislav/Рабочий стол/FRONTEND/frontend-project-46/src/parsers.js": {"path":"/home/vladislav/Рабочий стол/FRONTEND/frontend-project-46/src/parsers.js","statementMap":{"0":{"start":{"line":3,"column":14},"end":{"line":6,"column":1}},"1":{"start":{"line":4,"column":18},"end":{"line":4,"column":71}},"2":{"start":{"line":5,"column":2},"end":{"line":5,"column":31}}},"fnMap":{"0":{"name":"(anonymous_0)","decl":{"start":{"line":3,"column":14},"end":{"line":3,"column":15}},"loc":{"start":{"line":3,"column":32},"end":{"line":6,"column":1}},"line":3}},"branchMap":{},"s":{"0":1,"1":4,"2":4},"f":{"0":4},"b":{},"_coverageSchema":"1a1c01bbd47fc00a2c39e90264f33305004495a9","hash":"a7be419b9ee94c8280c8c7879b79b7172298c3de"}
,"/home/vladislav/Рабочий стол/FRONTEND/frontend-project-46/src/formatters/stylish.js": {"path":"/home/vladislav/Рабочий стол/FRONTEND/frontend-project-46/src/formatters/stylish.js","statementMap":{"0":{"start":{"line":3,"column":16},"end":{"line":8,"column":1}},"1":{"start":{"line":10,"column":19},"end":{"line":13,"column":1}},"2":{"start":{"line":11,"column":13},"end":{"line":11,"column":16}},"3":{"start":{"line":12,"column":1},"end":{"line":12,"column":34}},"4":{"start":{"line":15,"column":18},"end":{"line":28,"column":1}},"5":{"start":{"line":16,"column":1},"end":{"line":18,"column":2}},"6":{"start":{"line":17,"column":2},"end":{"line":17,"column":15}},"7":{"start":{"line":19,"column":14},"end":{"line":19,"column":32}},"8":{"start":{"line":20,"column":17},"end":{"line":26,"column":2}},"9":{"start":{"line":22,"column":3},"end":{"line":25,"column":6}},"10":{"start":{"line":27,"column":1},"end":{"line":27,"column":60}},"11":{"start":{"line":30,"column":25},"end":{"line":51,"column":1}},"12":{"start":{"line":31,"column":1},"end":{"line":50,"column":2}},"13":{"start":{"line":35,"column":3},"end":{"line":37,"column":40}},"14":{"start":{"line":39,"column":3},"end":{"line":43,"column":58}},"15":{"start":{"line":45,"column":3},"end":{"line":47,"column":43}},"16":{"start":{"line":46,"column":18},"end":{"line":46,"column":50}},"17":{"start":{"line":49,"column":3},"end":{"line":49,"column":50}},"18":{"start":{"line":54,"column":1},"end":{"line":54,"column":70}},"19":{"start":{"line":54,"column":27},"end":{"line":54,"column":53}}},"fnMap":{"0":{"name":"(anonymous_0)","decl":{"start":{"line":10,"column":19},"end":{"line":10,"column":20}},"loc":{"start":{"line":10,"column":30},"end":{"line":13,"column":1}},"line":10},"1":{"name":"(anonymous_1)","decl":{"start":{"line":15,"column":18},"end":{"line":15,"column":19}},"loc":{"start":{"line":15,"column":40},"end":{"line":28,"column":1}},"line":15},"2":{"name":"(anonymous_2)","decl":{"start":{"line":21,"column":2},"end":{"line":21,"column":3}},"loc":{"start":{"line":22,"column":3},"end":{"line":25,"column":6}},"line":22},"3":{"name":"(anonymous_3)","decl":{"start":{"line":30,"column":25},"end":{"line":30,"column":26}},"loc":{"start":{"line":30,"column":47},"end":{"line":51,"column":1}},"line":30},"4":{"name":"(anonymous_4)","decl":{"start":{"line":46,"column":9},"end":{"line":46,"column":10}},"loc":{"start":{"line":46,"column":18},"end":{"line":46,"column":50}},"line":46},"5":{"name":"(anonymous_5)","decl":{"start":{"line":53,"column":15},"end":{"line":53,"column":16}},"loc":{"start":{"line":54,"column":1},"end":{"line":54,"column":70}},"line":54},"6":{"name":"(anonymous_6)","decl":{"start":{"line":54,"column":16},"end":{"line":54,"column":17}},"loc":{"start":{"line":54,"column":27},"end":{"line":54,"column":53}},"line":54}},"branchMap":{"0":{"loc":{"start":{"line":15,"column":26},"end":{"line":15,"column":35}},"type":"default-arg","locations":[{"start":{"line":15,"column":34},"end":{"line":15,"column":35}}],"line":15},"1":{"loc":{"start":{"line":16,"column":1},"end":{"line":18,"column":2}},"type":"if","locations":[{"start":{"line":16,"column":1},"end":{"line":18,"column":2}},{"start":{},"end":{}}],"line":16},"2":{"loc":{"start":{"line":30,"column":33},"end":{"line":30,"column":42}},"type":"default-arg","locations":[{"start":{"line":30,"column":41},"end":{"line":30,"column":42}}],"line":30},"3":{"loc":{"start":{"line":31,"column":1},"end":{"line":50,"column":2}},"type":"switch","locations":[{"start":{"line":32,"column":2},"end":{"line":32,"column":15}},{"start":{"line":33,"column":2},"end":{"line":33,"column":17}},{"start":{"line":34,"column":2},"end":{"line":37,"column":40}},{"start":{"line":38,"column":2},"end":{"line":43,"column":58}},{"start":{"line":44,"column":2},"end":{"line":47,"column":43}},{"start":{"line":48,"column":2},"end":{"line":49,"column":50}}],"line":31}},"s":{"0":1,"1":1,"2":68,"3":68,"4":1,"5":50,"6":40,"7":10,"8":10,"9":10,"10":10,"11":1,"12":36,"13":24,"14":8,"15":4,"16":8,"17":0,"18":2,"19":28},"f":{"0":68,"1":50,"2":10,"3":36,"4":8,"5":2,"6":28},"b":{"0":[0],"1":[40,10],"2":[0],"3":[12,18,24,8,4,0]},"_coverageSchema":"1a1c01bbd47fc00a2c39e90264f33305004495a9","hash":"9f6a36cba2fec06ad6a2cee0792e5c70caaf2712"}
}
