TN:
SF:src/calcDiff.js
FN:1,markChangeWithNeutral
FN:5,markChangeWithPlus
FN:9,markChangeWithMinus
FN:13,(anonymous_3)
FNF:4
FNH:4
FNDA:1,markChangeWithNeutral
FNDA:5,markChangeWithPlus
FNDA:6,markChangeWithMinus
FNDA:11,(anonymous_3)
DA:2,1
DA:6,5
DA:10,6
DA:13,1
DA:14,11
DA:16,2
DA:17,9
DA:19,3
DA:20,6
DA:22,2
DA:23,2
DA:25,4
DA:27,1
DA:30,3
DA:32,9
LF:15
LH:15
BRDA:13,0,0,11
BRDA:14,1,0,2
BRDA:14,1,1,9
BRDA:17,2,0,3
BRDA:17,2,1,6
BRDA:20,3,0,2
BRDA:20,3,1,4
BRDA:22,4,0,2
BRDA:22,4,1,0
BRDA:25,5,0,1
BRDA:25,5,1,3
BRF:11
BRH:10
end_of_record
TN:
SF:src/index.js
FN:7,(anonymous_0)
FN:8,(anonymous_1)
FN:10,(anonymous_2)
FN:12,formatResult
FN:16,(anonymous_4)
FN:26,(anonymous_5)
FNF:6
FNH:6
FNDA:4,(anonymous_0)
FNDA:4,(anonymous_1)
FNDA:4,(anonymous_2)
FNDA:2,formatResult
FNDA:2,(anonymous_4)
FNDA:9,(anonymous_5)
DA:7,4
DA:8,4
DA:10,4
DA:13,2
DA:16,1
DA:17,2
DA:18,2
DA:20,2
DA:21,2
DA:24,2
DA:26,2
DA:27,9
DA:28,9
DA:29,9
DA:32,2
LF:15
LH:15
BRF:0
BRH:0
end_of_record
TN:
SF:src/parsers.js
FN:3,(anonymous_0)
FNF:1
FNH:1
FNDA:4,(anonymous_0)
DA:3,1
DA:4,4
DA:5,4
LF:3
LH:3
BRF:0
BRH:0
end_of_record
