TN:
SF:src/index.js
FN:5,(anonymous_0)
FN:6,(anonymous_1)
FN:8,markChangeWithNeutral
FN:12,markChangeWithPlus
FN:16,markChangeWithMinus
FN:20,formatResult
FN:24,(anonymous_6)
FN:45,(anonymous_7)
FN:55,(anonymous_8)
FNF:9
FNH:9
FNDA:2,(anonymous_0)
FNDA:2,(anonymous_1)
FNDA:1,markChangeWithNeutral
FNDA:2,markChangeWithPlus
FNDA:3,markChangeWithMinus
FNDA:1,formatResult
FNDA:5,(anonymous_6)
FNDA:1,(anonymous_7)
FNDA:5,(anonymous_8)
DA:5,2
DA:6,2
DA:9,1
DA:13,2
DA:17,3
DA:21,1
DA:24,1
DA:25,5
DA:27,1
DA:28,4
DA:30,2
DA:31,2
DA:34,0
DA:35,2
DA:37,1
DA:40,1
DA:42,5
DA:45,1
DA:46,1
DA:47,1
DA:49,1
DA:50,1
DA:53,1
DA:55,1
DA:56,5
DA:57,5
DA:58,5
DA:61,1
LF:28
LH:27
BRDA:24,0,0,5
BRDA:25,1,0,1
BRDA:25,1,1,4
BRDA:28,2,0,2
BRDA:28,2,1,2
BRDA:31,3,0,0
BRDA:31,3,1,2
BRDA:35,4,0,1
BRDA:35,4,1,1
BRF:9
BRH:8
end_of_record
